[08-Jul-2017 05:42:04 UTC] PHP Fatal error:  Class 'Barryvdh¥Debugbar¥ServiceProvider' not found in /home/ubuntu/workspace/cms/vendor/laravel/framework/src/Illuminate/Foundation/ProviderRepository.php on line 146
[08-Jul-2017 05:42:04 UTC] PHP Stack trace:
[08-Jul-2017 05:42:04 UTC] PHP   1. {main}() /home/ubuntu/workspace/cms/artisan:0
[08-Jul-2017 05:42:04 UTC] PHP   2. Illuminate\Foundation\Console\Kernel->handle() /home/ubuntu/workspace/cms/artisan:36
[08-Jul-2017 05:42:04 UTC] PHP   3. Illuminate\Foundation\Console\Kernel->bootstrap() /home/ubuntu/workspace/cms/vendor/laravel/framework/src/Illuminate/Foundation/Console/Kernel.php:105
[08-Jul-2017 05:42:04 UTC] PHP   4. Illuminate\Foundation\Application->bootstrapWith() /home/ubuntu/workspace/cms/vendor/laravel/framework/src/Illuminate/Foundation/Console/Kernel.php:219
[08-Jul-2017 05:42:04 UTC] PHP   5. Illuminate\Foundation\Bootstrap\RegisterProviders->bootstrap() /home/ubuntu/workspace/cms/vendor/laravel/framework/src/Illuminate/Foundation/Application.php:203
[08-Jul-2017 05:42:04 UTC] PHP   6. Illuminate\Foundation\Application->registerConfiguredProviders() /home/ubuntu/workspace/cms/vendor/laravel/framework/src/Illuminate/Foundation/Bootstrap/RegisterProviders.php:17
[08-Jul-2017 05:42:04 UTC] PHP   7. Illuminate\Foundation\ProviderRepository->load() /home/ubuntu/workspace/cms/vendor/laravel/framework/src/Illuminate/Foundation/Application.php:530
[08-Jul-2017 05:42:04 UTC] PHP   8. Illuminate\Foundation\ProviderRepository->compileManifest() /home/ubuntu/workspace/cms/vendor/laravel/framework/src/Illuminate/Foundation/ProviderRepository.php:60
[08-Jul-2017 05:42:04 UTC] PHP   9. Illuminate\Foundation\ProviderRepository->createProvider() /home/ubuntu/workspace/cms/vendor/laravel/framework/src/Illuminate/Foundation/ProviderRepository.php:114
[08-Jul-2017 05:44:25 UTC] PHP Fatal error:  Class 'Barryvdh¥Debugbar¥ServiceProvider' not found in /home/ubuntu/workspace/cms/vendor/laravel/framework/src/Illuminate/Foundation/ProviderRepository.php on line 146
[08-Jul-2017 05:44:25 UTC] PHP Stack trace:
[08-Jul-2017 05:44:25 UTC] PHP   1. {main}() /home/ubuntu/workspace/cms/artisan:0
[08-Jul-2017 05:44:25 UTC] PHP   2. Illuminate\Foundation\Console\Kernel->handle() /home/ubuntu/workspace/cms/artisan:36
[08-Jul-2017 05:44:25 UTC] PHP   3. Illuminate\Foundation\Console\Kernel->bootstrap() /home/ubuntu/workspace/cms/vendor/laravel/framework/src/Illuminate/Foundation/Console/Kernel.php:105
[08-Jul-2017 05:44:25 UTC] PHP   4. Illuminate\Foundation\Application->bootstrapWith() /home/ubuntu/workspace/cms/vendor/laravel/framework/src/Illuminate/Foundation/Console/Kernel.php:219
[08-Jul-2017 05:44:25 UTC] PHP   5. Illuminate\Foundation\Bootstrap\RegisterProviders->bootstrap() /home/ubuntu/workspace/cms/vendor/laravel/framework/src/Illuminate/Foundation/Application.php:203
[08-Jul-2017 05:44:25 UTC] PHP   6. Illuminate\Foundation\Application->registerConfiguredProviders() /home/ubuntu/workspace/cms/vendor/laravel/framework/src/Illuminate/Foundation/Bootstrap/RegisterProviders.php:17
[08-Jul-2017 05:44:25 UTC] PHP   7. Illuminate\Foundation\ProviderRepository->load() /home/ubuntu/workspace/cms/vendor/laravel/framework/src/Illuminate/Foundation/Application.php:530
[08-Jul-2017 05:44:25 UTC] PHP   8. Illuminate\Foundation\ProviderRepository->compileManifest() /home/ubuntu/workspace/cms/vendor/laravel/framework/src/Illuminate/Foundation/ProviderRepository.php:60
[08-Jul-2017 05:44:25 UTC] PHP   9. Illuminate\Foundation\ProviderRepository->createProvider() /home/ubuntu/workspace/cms/vendor/laravel/framework/src/Illuminate/Foundation/ProviderRepository.php:114
[08-Jul-2017 05:46:04 UTC] PHP Fatal error:  Class 'Barryvdh¥Debugbar¥ServiceProvider' not found in /home/ubuntu/workspace/cms/vendor/laravel/framework/src/Illuminate/Foundation/ProviderRepository.php on line 146
[08-Jul-2017 05:46:04 UTC] PHP Stack trace:
[08-Jul-2017 05:46:04 UTC] PHP   1. {main}() /home/ubuntu/workspace/cms/artisan:0
[08-Jul-2017 05:46:04 UTC] PHP   2. Illuminate\Foundation\Console\Kernel->handle() /home/ubuntu/workspace/cms/artisan:36
[08-Jul-2017 05:46:04 UTC] PHP   3. Illuminate\Foundation\Console\Kernel->bootstrap() /home/ubuntu/workspace/cms/vendor/laravel/framework/src/Illuminate/Foundation/Console/Kernel.php:105
[08-Jul-2017 05:46:04 UTC] PHP   4. Illuminate\Foundation\Application->bootstrapWith() /home/ubuntu/workspace/cms/vendor/laravel/framework/src/Illuminate/Foundation/Console/Kernel.php:219
[08-Jul-2017 05:46:04 UTC] PHP   5. Illuminate\Foundation\Bootstrap\RegisterProviders->bootstrap() /home/ubuntu/workspace/cms/vendor/laravel/framework/src/Illuminate/Foundation/Application.php:203
[08-Jul-2017 05:46:04 UTC] PHP   6. Illuminate\Foundation\Application->registerConfiguredProviders() /home/ubuntu/workspace/cms/vendor/laravel/framework/src/Illuminate/Foundation/Bootstrap/RegisterProviders.php:17
[08-Jul-2017 05:46:04 UTC] PHP   7. Illuminate\Foundation\ProviderRepository->load() /home/ubuntu/workspace/cms/vendor/laravel/framework/src/Illuminate/Foundation/Application.php:530
[08-Jul-2017 05:46:04 UTC] PHP   8. Illuminate\Foundation\ProviderRepository->compileManifest() /home/ubuntu/workspace/cms/vendor/laravel/framework/src/Illuminate/Foundation/ProviderRepository.php:60
[08-Jul-2017 05:46:04 UTC] PHP   9. Illuminate\Foundation\ProviderRepository->createProvider() /home/ubuntu/workspace/cms/vendor/laravel/framework/src/Illuminate/Foundation/ProviderRepository.php:114
[08-Jul-2017 05:49:00 UTC] PHP Fatal error:  Class 'Barryvdh¥Debugbar¥ServiceProvider' not found in /home/ubuntu/workspace/cms/vendor/laravel/framework/src/Illuminate/Foundation/ProviderRepository.php on line 146
[08-Jul-2017 05:49:00 UTC] PHP Stack trace:
[08-Jul-2017 05:49:00 UTC] PHP   1. {main}() /home/ubuntu/workspace/cms/artisan:0
[08-Jul-2017 05:49:00 UTC] PHP   2. Illuminate\Foundation\Console\Kernel->handle() /home/ubuntu/workspace/cms/artisan:36
[08-Jul-2017 05:49:00 UTC] PHP   3. Illuminate\Foundation\Console\Kernel->bootstrap() /home/ubuntu/workspace/cms/vendor/laravel/framework/src/Illuminate/Foundation/Console/Kernel.php:105
[08-Jul-2017 05:49:00 UTC] PHP   4. Illuminate\Foundation\Application->bootstrapWith() /home/ubuntu/workspace/cms/vendor/laravel/framework/src/Illuminate/Foundation/Console/Kernel.php:219
[08-Jul-2017 05:49:00 UTC] PHP   5. Illuminate\Foundation\Bootstrap\RegisterProviders->bootstrap() /home/ubuntu/workspace/cms/vendor/laravel/framework/src/Illuminate/Foundation/Application.php:203
[08-Jul-2017 05:49:00 UTC] PHP   6. Illuminate\Foundation\Application->registerConfiguredProviders() /home/ubuntu/workspace/cms/vendor/laravel/framework/src/Illuminate/Foundation/Bootstrap/RegisterProviders.php:17
[08-Jul-2017 05:49:00 UTC] PHP   7. Illuminate\Foundation\ProviderRepository->load() /home/ubuntu/workspace/cms/vendor/laravel/framework/src/Illuminate/Foundation/Application.php:530
[08-Jul-2017 05:49:00 UTC] PHP   8. Illuminate\Foundation\ProviderRepository->compileManifest() /home/ubuntu/workspace/cms/vendor/laravel/framework/src/Illuminate/Foundation/ProviderRepository.php:60
[08-Jul-2017 05:49:00 UTC] PHP   9. Illuminate\Foundation\ProviderRepository->createProvider() /home/ubuntu/workspace/cms/vendor/laravel/framework/src/Illuminate/Foundation/ProviderRepository.php:114
[08-Jul-2017 05:51:39 UTC] PHP Fatal error:  Class 'Barryvdh¥Debugbar¥ServiceProvider' not found in /home/ubuntu/workspace/cms/vendor/laravel/framework/src/Illuminate/Foundation/ProviderRepository.php on line 146
[08-Jul-2017 05:51:39 UTC] PHP Stack trace:
[08-Jul-2017 05:51:39 UTC] PHP   1. {main}() /home/ubuntu/workspace/cms/artisan:0
[08-Jul-2017 05:51:39 UTC] PHP   2. Illuminate\Foundation\Console\Kernel->handle() /home/ubuntu/workspace/cms/artisan:36
[08-Jul-2017 05:51:39 UTC] PHP   3. Illuminate\Foundation\Console\Kernel->bootstrap() /home/ubuntu/workspace/cms/vendor/laravel/framework/src/Illuminate/Foundation/Console/Kernel.php:105
[08-Jul-2017 05:51:39 UTC] PHP   4. Illuminate\Foundation\Application->bootstrapWith() /home/ubuntu/workspace/cms/vendor/laravel/framework/src/Illuminate/Foundation/Console/Kernel.php:219
[08-Jul-2017 05:51:39 UTC] PHP   5. Illuminate\Foundation\Bootstrap\RegisterProviders->bootstrap() /home/ubuntu/workspace/cms/vendor/laravel/framework/src/Illuminate/Foundation/Application.php:203
[08-Jul-2017 05:51:39 UTC] PHP   6. Illuminate\Foundation\Application->registerConfiguredProviders() /home/ubuntu/workspace/cms/vendor/laravel/framework/src/Illuminate/Foundation/Bootstrap/RegisterProviders.php:17
[08-Jul-2017 05:51:39 UTC] PHP   7. Illuminate\Foundation\ProviderRepository->load() /home/ubuntu/workspace/cms/vendor/laravel/framework/src/Illuminate/Foundation/Application.php:530
[08-Jul-2017 05:51:39 UTC] PHP   8. Illuminate\Foundation\ProviderRepository->compileManifest() /home/ubuntu/workspace/cms/vendor/laravel/framework/src/Illuminate/Foundation/ProviderRepository.php:60
[08-Jul-2017 05:51:39 UTC] PHP   9. Illuminate\Foundation\ProviderRepository->createProvider() /home/ubuntu/workspace/cms/vendor/laravel/framework/src/Illuminate/Foundation/ProviderRepository.php:114
[08-Jul-2017 05:58:39 UTC] PHP Fatal error:  Class 'Barryvdh¥Debugbar¥ServiceProvider' not found in /home/ubuntu/workspace/cms/vendor/laravel/framework/src/Illuminate/Foundation/ProviderRepository.php on line 146
[08-Jul-2017 05:58:39 UTC] PHP Stack trace:
[08-Jul-2017 05:58:39 UTC] PHP   1. {main}() /home/ubuntu/workspace/cms/artisan:0
[08-Jul-2017 05:58:39 UTC] PHP   2. Illuminate\Foundation\Console\Kernel->handle() /home/ubuntu/workspace/cms/artisan:36
[08-Jul-2017 05:58:39 UTC] PHP   3. Illuminate\Foundation\Console\Kernel->bootstrap() /home/ubuntu/workspace/cms/vendor/laravel/framework/src/Illuminate/Foundation/Console/Kernel.php:105
[08-Jul-2017 05:58:39 UTC] PHP   4. Illuminate\Foundation\Application->bootstrapWith() /home/ubuntu/workspace/cms/vendor/laravel/framework/src/Illuminate/Foundation/Console/Kernel.php:219
[08-Jul-2017 05:58:39 UTC] PHP   5. Illuminate\Foundation\Bootstrap\RegisterProviders->bootstrap() /home/ubuntu/workspace/cms/vendor/laravel/framework/src/Illuminate/Foundation/Application.php:203
[08-Jul-2017 05:58:39 UTC] PHP   6. Illuminate\Foundation\Application->registerConfiguredProviders() /home/ubuntu/workspace/cms/vendor/laravel/framework/src/Illuminate/Foundation/Bootstrap/RegisterProviders.php:17
[08-Jul-2017 05:58:39 UTC] PHP   7. Illuminate\Foundation\ProviderRepository->load() /home/ubuntu/workspace/cms/vendor/laravel/framework/src/Illuminate/Foundation/Application.php:530
[08-Jul-2017 05:58:39 UTC] PHP   8. Illuminate\Foundation\ProviderRepository->compileManifest() /home/ubuntu/workspace/cms/vendor/laravel/framework/src/Illuminate/Foundation/ProviderRepository.php:60
[08-Jul-2017 05:58:39 UTC] PHP   9. Illuminate\Foundation\ProviderRepository->createProvider() /home/ubuntu/workspace/cms/vendor/laravel/framework/src/Illuminate/Foundation/ProviderRepository.php:114
[08-Jul-2017 05:59:50 UTC] PHP Fatal error:  Class 'Barryvdh¥Debugbar¥ServiceProvider' not found in /home/ubuntu/workspace/cms/vendor/laravel/framework/src/Illuminate/Foundation/ProviderRepository.php on line 146
[08-Jul-2017 05:59:50 UTC] PHP Stack trace:
[08-Jul-2017 05:59:50 UTC] PHP   1. {main}() /home/ubuntu/workspace/cms/artisan:0
[08-Jul-2017 05:59:50 UTC] PHP   2. Illuminate\Foundation\Console\Kernel->handle() /home/ubuntu/workspace/cms/artisan:36
[08-Jul-2017 05:59:50 UTC] PHP   3. Illuminate\Foundation\Console\Kernel->bootstrap() /home/ubuntu/workspace/cms/vendor/laravel/framework/src/Illuminate/Foundation/Console/Kernel.php:105
[08-Jul-2017 05:59:50 UTC] PHP   4. Illuminate\Foundation\Application->bootstrapWith() /home/ubuntu/workspace/cms/vendor/laravel/framework/src/Illuminate/Foundation/Console/Kernel.php:219
[08-Jul-2017 05:59:50 UTC] PHP   5. Illuminate\Foundation\Bootstrap\RegisterProviders->bootstrap() /home/ubuntu/workspace/cms/vendor/laravel/framework/src/Illuminate/Foundation/Application.php:203
[08-Jul-2017 05:59:50 UTC] PHP   6. Illuminate\Foundation\Application->registerConfiguredProviders() /home/ubuntu/workspace/cms/vendor/laravel/framework/src/Illuminate/Foundation/Bootstrap/RegisterProviders.php:17
[08-Jul-2017 05:59:50 UTC] PHP   7. Illuminate\Foundation\ProviderRepository->load() /home/ubuntu/workspace/cms/vendor/laravel/framework/src/Illuminate/Foundation/Application.php:530
[08-Jul-2017 05:59:50 UTC] PHP   8. Illuminate\Foundation\ProviderRepository->compileManifest() /home/ubuntu/workspace/cms/vendor/laravel/framework/src/Illuminate/Foundation/ProviderRepository.php:60
[08-Jul-2017 05:59:50 UTC] PHP   9. Illuminate\Foundation\ProviderRepository->createProvider() /home/ubuntu/workspace/cms/vendor/laravel/framework/src/Illuminate/Foundation/ProviderRepository.php:114
[08-Jul-2017 06:03:42 UTC] PHP Fatal error:  Class 'Barryvdh¥Debugbar¥ServiceProvider' not found in /home/ubuntu/workspace/cms/vendor/laravel/framework/src/Illuminate/Foundation/ProviderRepository.php on line 146
[08-Jul-2017 06:03:42 UTC] PHP Stack trace:
[08-Jul-2017 06:03:42 UTC] PHP   1. {main}() /home/ubuntu/workspace/cms/artisan:0
[08-Jul-2017 06:03:42 UTC] PHP   2. Illuminate\Foundation\Console\Kernel->handle() /home/ubuntu/workspace/cms/artisan:36
[08-Jul-2017 06:03:42 UTC] PHP   3. Illuminate\Foundation\Console\Kernel->bootstrap() /home/ubuntu/workspace/cms/vendor/laravel/framework/src/Illuminate/Foundation/Console/Kernel.php:105
[08-Jul-2017 06:03:42 UTC] PHP   4. Illuminate\Foundation\Application->bootstrapWith() /home/ubuntu/workspace/cms/vendor/laravel/framework/src/Illuminate/Foundation/Console/Kernel.php:219
[08-Jul-2017 06:03:42 UTC] PHP   5. Illuminate\Foundation\Bootstrap\RegisterProviders->bootstrap() /home/ubuntu/workspace/cms/vendor/laravel/framework/src/Illuminate/Foundation/Application.php:203
[08-Jul-2017 06:03:42 UTC] PHP   6. Illuminate\Foundation\Application->registerConfiguredProviders() /home/ubuntu/workspace/cms/vendor/laravel/framework/src/Illuminate/Foundation/Bootstrap/RegisterProviders.php:17
[08-Jul-2017 06:03:42 UTC] PHP   7. Illuminate\Foundation\ProviderRepository->load() /home/ubuntu/workspace/cms/vendor/laravel/framework/src/Illuminate/Foundation/Application.php:530
[08-Jul-2017 06:03:42 UTC] PHP   8. Illuminate\Foundation\ProviderRepository->compileManifest() /home/ubuntu/workspace/cms/vendor/laravel/framework/src/Illuminate/Foundation/ProviderRepository.php:60
[08-Jul-2017 06:03:42 UTC] PHP   9. Illuminate\Foundation\ProviderRepository->createProvider() /home/ubuntu/workspace/cms/vendor/laravel/framework/src/Illuminate/Foundation/ProviderRepository.php:114
[08-Jul-2017 06:06:44 UTC] PHP Fatal error:  Undefined constant 'Barryvdh\Debugbar\ServiceProvider' in /home/ubuntu/workspace/cms/config/app.php on line 160
[08-Jul-2017 06:06:44 UTC] PHP Stack trace:
[08-Jul-2017 06:06:44 UTC] PHP   1. {main}() /home/ubuntu/workspace/cms/artisan:0
[08-Jul-2017 06:06:44 UTC] PHP   2. Illuminate\Foundation\Console\Kernel->handle() /home/ubuntu/workspace/cms/artisan:36
[08-Jul-2017 06:06:44 UTC] PHP   3. Illuminate\Foundation\Console\Kernel->bootstrap() /home/ubuntu/workspace/cms/vendor/laravel/framework/src/Illuminate/Foundation/Console/Kernel.php:105
[08-Jul-2017 06:06:44 UTC] PHP   4. Illuminate\Foundation\Application->bootstrapWith() /home/ubuntu/workspace/cms/vendor/laravel/framework/src/Illuminate/Foundation/Console/Kernel.php:219
[08-Jul-2017 06:06:44 UTC] PHP   5. Illuminate\Foundation\Bootstrap\LoadConfiguration->bootstrap() /home/ubuntu/workspace/cms/vendor/laravel/framework/src/Illuminate/Foundation/Application.php:203
[08-Jul-2017 06:06:44 UTC] PHP   6. Illuminate\Foundation\Bootstrap\LoadConfiguration->loadConfigurationFiles() /home/ubuntu/workspace/cms/vendor/laravel/framework/src/Illuminate/Foundation/Bootstrap/LoadConfiguration.php:38
[08-Jul-2017 06:06:44 UTC] PHP   7. require() /home/ubuntu/workspace/cms/vendor/laravel/framework/src/Illuminate/Foundation/Bootstrap/LoadConfiguration.php:60
