[08-Jul-2017 05:59:47 UTC] PHP Fatal error:  Class 'Barryvdh짜Debugbar짜ServiceProvider' not found in /home/ubuntu/workspace/cms/vendor/laravel/framework/src/Illuminate/Foundation/ProviderRepository.php on line 146
[08-Jul-2017 05:59:47 UTC] PHP Stack trace:
[08-Jul-2017 05:59:47 UTC] PHP   1. {main}() /home/ubuntu/workspace/cms/public/index.php:0
[08-Jul-2017 05:59:47 UTC] PHP   2. Illuminate\Foundation\Http\Kernel->handle() /home/ubuntu/workspace/cms/public/index.php:54
[08-Jul-2017 05:59:47 UTC] PHP   3. Illuminate\Foundation\Http\Kernel->sendRequestThroughRouter() /home/ubuntu/workspace/cms/vendor/laravel/framework/src/Illuminate/Foundation/Http/Kernel.php:99
[08-Jul-2017 05:59:47 UTC] PHP   4. Illuminate\Foundation\Http\Kernel->bootstrap() /home/ubuntu/workspace/cms/vendor/laravel/framework/src/Illuminate/Foundation/Http/Kernel.php:127
[08-Jul-2017 05:59:47 UTC] PHP   5. Illuminate\Foundation\Application->bootstrapWith() /home/ubuntu/workspace/cms/vendor/laravel/framework/src/Illuminate/Foundation/Http/Kernel.php:232
[08-Jul-2017 05:59:47 UTC] PHP   6. Illuminate\Foundation\Bootstrap\RegisterProviders->bootstrap() /home/ubuntu/workspace/cms/vendor/laravel/framework/src/Illuminate/Foundation/Application.php:203
[08-Jul-2017 05:59:47 UTC] PHP   7. Illuminate\Foundation\Application->registerConfiguredProviders() /home/ubuntu/workspace/cms/vendor/laravel/framework/src/Illuminate/Foundation/Bootstrap/RegisterProviders.php:17
[08-Jul-2017 05:59:47 UTC] PHP   8. Illuminate\Foundation\ProviderRepository->load() /home/ubuntu/workspace/cms/vendor/laravel/framework/src/Illuminate/Foundation/Application.php:530
[08-Jul-2017 05:59:47 UTC] PHP   9. Illuminate\Foundation\ProviderRepository->compileManifest() /home/ubuntu/workspace/cms/vendor/laravel/framework/src/Illuminate/Foundation/ProviderRepository.php:60
[08-Jul-2017 05:59:47 UTC] PHP  10. Illuminate\Foundation\ProviderRepository->createProvider() /home/ubuntu/workspace/cms/vendor/laravel/framework/src/Illuminate/Foundation/ProviderRepository.php:114
[08-Jul-2017 06:03:26 UTC] PHP Fatal error:  Class 'Barryvdh짜Debugbar짜ServiceProvider' not found in /home/ubuntu/workspace/cms/vendor/laravel/framework/src/Illuminate/Foundation/ProviderRepository.php on line 146
[08-Jul-2017 06:03:26 UTC] PHP Stack trace:
[08-Jul-2017 06:03:26 UTC] PHP   1. {main}() /home/ubuntu/workspace/cms/public/index.php:0
[08-Jul-2017 06:03:26 UTC] PHP   2. Illuminate\Foundation\Http\Kernel->handle() /home/ubuntu/workspace/cms/public/index.php:54
[08-Jul-2017 06:03:26 UTC] PHP   3. Illuminate\Foundation\Http\Kernel->sendRequestThroughRouter() /home/ubuntu/workspace/cms/vendor/laravel/framework/src/Illuminate/Foundation/Http/Kernel.php:99
[08-Jul-2017 06:03:26 UTC] PHP   4. Illuminate\Foundation\Http\Kernel->bootstrap() /home/ubuntu/workspace/cms/vendor/laravel/framework/src/Illuminate/Foundation/Http/Kernel.php:127
[08-Jul-2017 06:03:26 UTC] PHP   5. Illuminate\Foundation\Application->bootstrapWith() /home/ubuntu/workspace/cms/vendor/laravel/framework/src/Illuminate/Foundation/Http/Kernel.php:232
[08-Jul-2017 06:03:26 UTC] PHP   6. Illuminate\Foundation\Bootstrap\RegisterProviders->bootstrap() /home/ubuntu/workspace/cms/vendor/laravel/framework/src/Illuminate/Foundation/Application.php:203
[08-Jul-2017 06:03:26 UTC] PHP   7. Illuminate\Foundation\Application->registerConfiguredProviders() /home/ubuntu/workspace/cms/vendor/laravel/framework/src/Illuminate/Foundation/Bootstrap/RegisterProviders.php:17
[08-Jul-2017 06:03:26 UTC] PHP   8. Illuminate\Foundation\ProviderRepository->load() /home/ubuntu/workspace/cms/vendor/laravel/framework/src/Illuminate/Foundation/Application.php:530
[08-Jul-2017 06:03:26 UTC] PHP   9. Illuminate\Foundation\ProviderRepository->compileManifest() /home/ubuntu/workspace/cms/vendor/laravel/framework/src/Illuminate/Foundation/ProviderRepository.php:60
[08-Jul-2017 06:03:26 UTC] PHP  10. Illuminate\Foundation\ProviderRepository->createProvider() /home/ubuntu/workspace/cms/vendor/laravel/framework/src/Illuminate/Foundation/ProviderRepository.php:114
[08-Jul-2017 06:06:39 UTC] PHP Fatal error:  Undefined constant 'Barryvdh\Debugbar\ServiceProvider' in /home/ubuntu/workspace/cms/config/app.php on line 160
[08-Jul-2017 06:06:39 UTC] PHP Stack trace:
[08-Jul-2017 06:06:39 UTC] PHP   1. {main}() /home/ubuntu/workspace/cms/public/index.php:0
[08-Jul-2017 06:06:39 UTC] PHP   2. Illuminate\Foundation\Http\Kernel->handle() /home/ubuntu/workspace/cms/public/index.php:54
[08-Jul-2017 06:06:39 UTC] PHP   3. Illuminate\Foundation\Http\Kernel->sendRequestThroughRouter() /home/ubuntu/workspace/cms/vendor/laravel/framework/src/Illuminate/Foundation/Http/Kernel.php:99
[08-Jul-2017 06:06:39 UTC] PHP   4. Illuminate\Foundation\Http\Kernel->bootstrap() /home/ubuntu/workspace/cms/vendor/laravel/framework/src/Illuminate/Foundation/Http/Kernel.php:127
[08-Jul-2017 06:06:39 UTC] PHP   5. Illuminate\Foundation\Application->bootstrapWith() /home/ubuntu/workspace/cms/vendor/laravel/framework/src/Illuminate/Foundation/Http/Kernel.php:232
[08-Jul-2017 06:06:39 UTC] PHP   6. Illuminate\Foundation\Bootstrap\LoadConfiguration->bootstrap() /home/ubuntu/workspace/cms/vendor/laravel/framework/src/Illuminate/Foundation/Application.php:203
[08-Jul-2017 06:06:39 UTC] PHP   7. Illuminate\Foundation\Bootstrap\LoadConfiguration->loadConfigurationFiles() /home/ubuntu/workspace/cms/vendor/laravel/framework/src/Illuminate/Foundation/Bootstrap/LoadConfiguration.php:38
[08-Jul-2017 06:06:39 UTC] PHP   8. require() /home/ubuntu/workspace/cms/vendor/laravel/framework/src/Illuminate/Foundation/Bootstrap/LoadConfiguration.php:60
